
*** Running vivado
    with args -log SRAM_Bus_Controller.vds -m64 -product Vivado -mode batch -messageDb vivado.pb -notrace -source SRAM_Bus_Controller.tcl


****** Vivado v2018.2 (64-bit)
  **** SW Build 2258646 on Thu Jun 14 20:02:38 MDT 2018
  **** IP Build 2256618 on Thu Jun 14 22:10:49 MDT 2018
    ** Copyright 1986-2018 Xilinx, Inc. All Rights Reserved.

source SRAM_Bus_Controller.tcl -notrace
Command: synth_design -top SRAM_Bus_Controller -part xc7a100tcsg324-1
Starting synth_design
Attempting to get a license for feature 'Synthesis' and/or device 'xc7a100t'
INFO: [Common 17-349] Got license for feature 'Synthesis' and/or device 'xc7a100t'
INFO: Launching helper process for spawning children vivado processes
INFO: Helper process launched with PID 18524 
---------------------------------------------------------------------------------
Starting RTL Elaboration : Time (s): cpu = 00:00:02 ; elapsed = 00:00:02 . Memory (MB): peak = 1258.445 ; gain = 79.832 ; free physical = 11121 ; free virtual = 43861
---------------------------------------------------------------------------------
INFO: [Synth 8-638] synthesizing module 'SRAM_Bus_Controller' [/home/dexter/scripts/ECE4525/Lab5/Lab5.srcs/sources_1/new/SRAM_Bus_Controller.vhd:28]
WARNING: [Synth 8-614] signal 'read_count' is read in the process but is not in the sensitivity list [/home/dexter/scripts/ECE4525/Lab5/Lab5.srcs/sources_1/new/SRAM_Bus_Controller.vhd:38]
WARNING: [Synth 8-614] signal 'write_count' is read in the process but is not in the sensitivity list [/home/dexter/scripts/ECE4525/Lab5/Lab5.srcs/sources_1/new/SRAM_Bus_Controller.vhd:38]
INFO: [Synth 8-256] done synthesizing module 'SRAM_Bus_Controller' (1#1) [/home/dexter/scripts/ECE4525/Lab5/Lab5.srcs/sources_1/new/SRAM_Bus_Controller.vhd:28]
WARNING: [Synth 8-3331] design SRAM_Bus_Controller has unconnected port RW
---------------------------------------------------------------------------------
Finished RTL Elaboration : Time (s): cpu = 00:00:02 ; elapsed = 00:00:03 . Memory (MB): peak = 1303.070 ; gain = 124.457 ; free physical = 11132 ; free virtual = 43872
---------------------------------------------------------------------------------

Report Check Netlist: 
+------+------------------+-------+---------+-------+------------------+
|      |Item              |Errors |Warnings |Status |Description       |
+------+------------------+-------+---------+-------+------------------+
|1     |multi_driven_nets |      0|        0|Passed |Multi driven nets |
+------+------------------+-------+---------+-------+------------------+
---------------------------------------------------------------------------------
Start Handling Custom Attributes
---------------------------------------------------------------------------------
---------------------------------------------------------------------------------
Finished Handling Custom Attributes : Time (s): cpu = 00:00:02 ; elapsed = 00:00:03 . Memory (MB): peak = 1303.070 ; gain = 124.457 ; free physical = 11131 ; free virtual = 43872
---------------------------------------------------------------------------------
---------------------------------------------------------------------------------
Finished RTL Optimization Phase 1 : Time (s): cpu = 00:00:02 ; elapsed = 00:00:03 . Memory (MB): peak = 1303.070 ; gain = 124.457 ; free physical = 11131 ; free virtual = 43872
---------------------------------------------------------------------------------
INFO: [Device 21-403] Loading part xc7a100tcsg324-1
INFO: [Project 1-570] Preparing netlist for logic optimization

Processing XDC Constraints
Initializing timing engine
Parsing XDC File [/home/dexter/scripts/ECE4525/Lab5/Lab5.srcs/constrs_1/new/pins_lab5.xdc]
WARNING: [Vivado 12-507] No nets matched 'CLK_IBUF'. [/home/dexter/scripts/ECE4525/Lab5/Lab5.srcs/constrs_1/new/pins_lab5.xdc:4]
CRITICAL WARNING: [Common 17-55] 'set_property' expects at least one object. [/home/dexter/scripts/ECE4525/Lab5/Lab5.srcs/constrs_1/new/pins_lab5.xdc:4]
Resolution: If [get_<value>] was used to populate the object, check to make sure this command returns at least one valid object.
Finished Parsing XDC File [/home/dexter/scripts/ECE4525/Lab5/Lab5.srcs/constrs_1/new/pins_lab5.xdc]
INFO: [Project 1-236] Implementation specific constraints were found while reading constraint file [/home/dexter/scripts/ECE4525/Lab5/Lab5.srcs/constrs_1/new/pins_lab5.xdc]. These constraints will be ignored for synthesis but will be used in implementation. Impacted constraints are listed in the file [.Xil/SRAM_Bus_Controller_propImpl.xdc].
Resolution: To avoid this warning, move constraints listed in [.Xil/SRAM_Bus_Controller_propImpl.xdc] to another XDC file and exclude this new file from synthesis with the used_in_synthesis property (File Properties dialog in GUI) and re-run elaboration/synthesis.
Completed Processing XDC Constraints

INFO: [Project 1-111] Unisim Transformation Summary:
No Unisim elements were transformed.

Constraint Validation Runtime : Time (s): cpu = 00:00:00 ; elapsed = 00:00:00 . Memory (MB): peak = 1651.875 ; gain = 0.000 ; free physical = 10907 ; free virtual = 43647
---------------------------------------------------------------------------------
Finished Constraint Validation : Time (s): cpu = 00:00:10 ; elapsed = 00:00:25 . Memory (MB): peak = 1651.875 ; gain = 473.262 ; free physical = 10973 ; free virtual = 43713
---------------------------------------------------------------------------------
---------------------------------------------------------------------------------
Start Loading Part and Timing Information
---------------------------------------------------------------------------------
Loading part: xc7a100tcsg324-1
---------------------------------------------------------------------------------
Finished Loading Part and Timing Information : Time (s): cpu = 00:00:10 ; elapsed = 00:00:25 . Memory (MB): peak = 1651.875 ; gain = 473.262 ; free physical = 10973 ; free virtual = 43713
---------------------------------------------------------------------------------
---------------------------------------------------------------------------------
Start Applying 'set_property' XDC Constraints
---------------------------------------------------------------------------------
---------------------------------------------------------------------------------
Finished applying 'set_property' XDC Constraints : Time (s): cpu = 00:00:10 ; elapsed = 00:00:25 . Memory (MB): peak = 1651.875 ; gain = 473.262 ; free physical = 10975 ; free virtual = 43715
---------------------------------------------------------------------------------
INFO: [Synth 8-802] inferred FSM for state register 'present_state_reg' in module 'SRAM_Bus_Controller'
INFO: [Synth 8-5544] ROM "D_reg0" won't be mapped to Block RAM because address size (4) smaller than threshold (5)
INFO: [Synth 8-5544] ROM "READY_CTL" won't be mapped to Block RAM because address size (4) smaller than threshold (5)
INFO: [Synth 8-5544] ROM "WRITE" won't be mapped to Block RAM because address size (4) smaller than threshold (5)
INFO: [Synth 8-5544] ROM "READ" won't be mapped to Block RAM because address size (4) smaller than threshold (5)
INFO: [Synth 8-5544] ROM "CE" won't be mapped to Block RAM because address size (4) smaller than threshold (5)
INFO: [Synth 8-5544] ROM "next_state" won't be mapped to Block RAM because address size (1) smaller than threshold (5)
INFO: [Synth 8-5544] ROM "next_state" won't be mapped to Block RAM because address size (1) smaller than threshold (5)
INFO: [Synth 8-5544] ROM "D_reg0" won't be mapped to Block RAM because address size (4) smaller than threshold (5)
INFO: [Synth 8-5544] ROM "READY_CTL" won't be mapped to Block RAM because address size (4) smaller than threshold (5)
INFO: [Synth 8-5544] ROM "WRITE" won't be mapped to Block RAM because address size (4) smaller than threshold (5)
INFO: [Synth 8-5544] ROM "READ" won't be mapped to Block RAM because address size (4) smaller than threshold (5)
INFO: [Synth 8-5544] ROM "CE" won't be mapped to Block RAM because address size (4) smaller than threshold (5)
INFO: [Synth 8-5544] ROM "next_state" won't be mapped to Block RAM because address size (1) smaller than threshold (5)
INFO: [Synth 8-5544] ROM "next_state" won't be mapped to Block RAM because address size (1) smaller than threshold (5)
---------------------------------------------------------------------------------------------------
                   State |                     New Encoding |                Previous Encoding 
---------------------------------------------------------------------------------------------------
                    idle |                             0000 |                             0000
              read_ready |                             0001 |                             0001
              read_start |                             0010 |                             0010
               reading_1 |                             0011 |                             0011
               reading_2 |                             0100 |                             0100
               read_stop |                             0101 |                             0101
               read_done |                             0110 |                             0110
             write_ready |                             0111 |                             0111
             write_start |                             1000 |                             1000
               writing_1 |                             1001 |                             1001
               writing_2 |                             1010 |                             1010
              write_stop |                             1011 |                             1011
              write_done |                             1100 |                             1100
---------------------------------------------------------------------------------------------------
INFO: [Synth 8-3354] encoded FSM with state register 'present_state_reg' using encoding 'sequential' in module 'SRAM_Bus_Controller'
WARNING: [Synth 8-327] inferring latch for variable 'write_count_reg' [/home/dexter/scripts/ECE4525/Lab5/Lab5.srcs/sources_1/new/SRAM_Bus_Controller.vhd:54]
WARNING: [Synth 8-327] inferring latch for variable 'read_count_reg' [/home/dexter/scripts/ECE4525/Lab5/Lab5.srcs/sources_1/new/SRAM_Bus_Controller.vhd:54]
---------------------------------------------------------------------------------
Finished RTL Optimization Phase 2 : Time (s): cpu = 00:00:10 ; elapsed = 00:00:26 . Memory (MB): peak = 1651.875 ; gain = 473.262 ; free physical = 10963 ; free virtual = 43704
---------------------------------------------------------------------------------

Report RTL Partitions: 
+-+--------------+------------+----------+
| |RTL Partition |Replication |Instances |
+-+--------------+------------+----------+
+-+--------------+------------+----------+
---------------------------------------------------------------------------------
Start RTL Component Statistics 
---------------------------------------------------------------------------------
Detailed RTL Component Info : 
+---Adders : 
	   2 Input      2 Bit       Adders := 2     
+---Muxes : 
	  13 Input      8 Bit        Muxes := 1     
	   5 Input      8 Bit        Muxes := 1     
	   4 Input      5 Bit        Muxes := 2     
	  13 Input      5 Bit        Muxes := 1     
	  13 Input      4 Bit        Muxes := 1     
	   2 Input      4 Bit        Muxes := 4     
	   2 Input      2 Bit        Muxes := 2     
	  13 Input      2 Bit        Muxes := 2     
	  13 Input      1 Bit        Muxes := 6     
---------------------------------------------------------------------------------
Finished RTL Component Statistics 
---------------------------------------------------------------------------------
---------------------------------------------------------------------------------
Start RTL Hierarchical Component Statistics 
---------------------------------------------------------------------------------
Hierarchical RTL Component report 
Module SRAM_Bus_Controller 
Detailed RTL Component Info : 
+---Adders : 
	   2 Input      2 Bit       Adders := 2     
+---Muxes : 
	  13 Input      8 Bit        Muxes := 1     
	   5 Input      8 Bit        Muxes := 1     
	   4 Input      5 Bit        Muxes := 2     
	  13 Input      5 Bit        Muxes := 1     
	  13 Input      4 Bit        Muxes := 1     
	   2 Input      4 Bit        Muxes := 4     
	   2 Input      2 Bit        Muxes := 2     
	  13 Input      2 Bit        Muxes := 2     
	  13 Input      1 Bit        Muxes := 6     
---------------------------------------------------------------------------------
Finished RTL Hierarchical Component Statistics
---------------------------------------------------------------------------------
---------------------------------------------------------------------------------
Start Part Resource Summary
---------------------------------------------------------------------------------
Part Resources:
DSPs: 240 (col length:80)
BRAMs: 270 (col length: RAMB18 80 RAMB36 40)
---------------------------------------------------------------------------------
Finished Part Resource Summary
---------------------------------------------------------------------------------
---------------------------------------------------------------------------------
Start Cross Boundary and Area Optimization
---------------------------------------------------------------------------------
Warning: Parallel synthesis criteria is not met 
INFO: [Synth 8-5544] ROM "D2" won't be mapped to Block RAM because address size (2) smaller than threshold (5)
WARNING: [Synth 8-3331] design SRAM_Bus_Controller has unconnected port RW
---------------------------------------------------------------------------------
Finished Cross Boundary and Area Optimization : Time (s): cpu = 00:00:10 ; elapsed = 00:00:26 . Memory (MB): peak = 1651.875 ; gain = 473.262 ; free physical = 10953 ; free virtual = 43695
---------------------------------------------------------------------------------

Report RTL Partitions: 
+-+--------------+------------+----------+
| |RTL Partition |Replication |Instances |
+-+--------------+------------+----------+
+-+--------------+------------+----------+
---------------------------------------------------------------------------------
Start Applying XDC Timing Constraints
---------------------------------------------------------------------------------
---------------------------------------------------------------------------------
Finished Applying XDC Timing Constraints : Time (s): cpu = 00:00:16 ; elapsed = 00:00:35 . Memory (MB): peak = 1651.875 ; gain = 473.262 ; free physical = 10824 ; free virtual = 43566
---------------------------------------------------------------------------------
---------------------------------------------------------------------------------
Start Timing Optimization
---------------------------------------------------------------------------------
---------------------------------------------------------------------------------
Finished Timing Optimization : Time (s): cpu = 00:00:16 ; elapsed = 00:00:35 . Memory (MB): peak = 1651.875 ; gain = 473.262 ; free physical = 10824 ; free virtual = 43566
---------------------------------------------------------------------------------

Report RTL Partitions: 
+-+--------------+------------+----------+
| |RTL Partition |Replication |Instances |
+-+--------------+------------+----------+
+-+--------------+------------+----------+
---------------------------------------------------------------------------------
Start Technology Mapping
---------------------------------------------------------------------------------
---------------------------------------------------------------------------------
Finished Technology Mapping : Time (s): cpu = 00:00:16 ; elapsed = 00:00:35 . Memory (MB): peak = 1651.875 ; gain = 473.262 ; free physical = 10823 ; free virtual = 43565
---------------------------------------------------------------------------------

Report RTL Partitions: 
+-+--------------+------------+----------+
| |RTL Partition |Replication |Instances |
+-+--------------+------------+----------+
+-+--------------+------------+----------+
---------------------------------------------------------------------------------
Start IO Insertion
---------------------------------------------------------------------------------
---------------------------------------------------------------------------------
Start Flattening Before IO Insertion
---------------------------------------------------------------------------------
---------------------------------------------------------------------------------
Finished Flattening Before IO Insertion
---------------------------------------------------------------------------------
---------------------------------------------------------------------------------
Start Final Netlist Cleanup
---------------------------------------------------------------------------------
---------------------------------------------------------------------------------
Finished Final Netlist Cleanup
---------------------------------------------------------------------------------
---------------------------------------------------------------------------------
Finished IO Insertion : Time (s): cpu = 00:00:16 ; elapsed = 00:00:35 . Memory (MB): peak = 1651.875 ; gain = 473.262 ; free physical = 10823 ; free virtual = 43565
---------------------------------------------------------------------------------

Report Check Netlist: 
+------+------------------+-------+---------+-------+------------------+
|      |Item              |Errors |Warnings |Status |Description       |
+------+------------------+-------+---------+-------+------------------+
|1     |multi_driven_nets |      0|        0|Passed |Multi driven nets |
+------+------------------+-------+---------+-------+------------------+
---------------------------------------------------------------------------------
Start Renaming Generated Instances
---------------------------------------------------------------------------------
---------------------------------------------------------------------------------
Finished Renaming Generated Instances : Time (s): cpu = 00:00:16 ; elapsed = 00:00:35 . Memory (MB): peak = 1651.875 ; gain = 473.262 ; free physical = 10823 ; free virtual = 43565
---------------------------------------------------------------------------------

Report RTL Partitions: 
+-+--------------+------------+----------+
| |RTL Partition |Replication |Instances |
+-+--------------+------------+----------+
+-+--------------+------------+----------+
---------------------------------------------------------------------------------
Start Rebuilding User Hierarchy
---------------------------------------------------------------------------------
---------------------------------------------------------------------------------
Finished Rebuilding User Hierarchy : Time (s): cpu = 00:00:16 ; elapsed = 00:00:35 . Memory (MB): peak = 1651.875 ; gain = 473.262 ; free physical = 10823 ; free virtual = 43565
---------------------------------------------------------------------------------
---------------------------------------------------------------------------------
Start Renaming Generated Ports
---------------------------------------------------------------------------------
---------------------------------------------------------------------------------
Finished Renaming Generated Ports : Time (s): cpu = 00:00:16 ; elapsed = 00:00:35 . Memory (MB): peak = 1651.875 ; gain = 473.262 ; free physical = 10823 ; free virtual = 43565
---------------------------------------------------------------------------------
---------------------------------------------------------------------------------
Start Handling Custom Attributes
---------------------------------------------------------------------------------
---------------------------------------------------------------------------------
Finished Handling Custom Attributes : Time (s): cpu = 00:00:16 ; elapsed = 00:00:35 . Memory (MB): peak = 1651.875 ; gain = 473.262 ; free physical = 10823 ; free virtual = 43565
---------------------------------------------------------------------------------
---------------------------------------------------------------------------------
Start Renaming Generated Nets
---------------------------------------------------------------------------------
---------------------------------------------------------------------------------
Finished Renaming Generated Nets : Time (s): cpu = 00:00:16 ; elapsed = 00:00:35 . Memory (MB): peak = 1651.875 ; gain = 473.262 ; free physical = 10823 ; free virtual = 43565
---------------------------------------------------------------------------------
---------------------------------------------------------------------------------
Start Writing Synthesis Report
---------------------------------------------------------------------------------

Report BlackBoxes: 
+-+--------------+----------+
| |BlackBox name |Instances |
+-+--------------+----------+
+-+--------------+----------+

Report Cell Usage: 
+------+------+------+
|      |Cell  |Count |
+------+------+------+
|1     |BUFG  |     1|
|2     |LUT1  |     3|
|3     |LUT2  |     2|
|4     |LUT3  |     1|
|5     |LUT4  |     8|
|6     |LUT5  |     6|
|7     |LUT6  |     3|
|8     |FDRE  |     4|
|9     |LD    |     4|
|10    |IBUF  |     3|
|11    |OBUF  |     9|
|12    |OBUFT |     8|
+------+------+------+

Report Instance Areas: 
+------+---------+-------+------+
|      |Instance |Module |Cells |
+------+---------+-------+------+
|1     |top      |       |    52|
+------+---------+-------+------+
---------------------------------------------------------------------------------
Finished Writing Synthesis Report : Time (s): cpu = 00:00:16 ; elapsed = 00:00:35 . Memory (MB): peak = 1651.875 ; gain = 473.262 ; free physical = 10823 ; free virtual = 43565
---------------------------------------------------------------------------------
Synthesis finished with 0 errors, 0 critical warnings and 3 warnings.
Synthesis Optimization Runtime : Time (s): cpu = 00:00:10 ; elapsed = 00:00:16 . Memory (MB): peak = 1651.875 ; gain = 124.457 ; free physical = 10877 ; free virtual = 43620
Synthesis Optimization Complete : Time (s): cpu = 00:00:16 ; elapsed = 00:00:35 . Memory (MB): peak = 1651.875 ; gain = 473.262 ; free physical = 10877 ; free virtual = 43620
INFO: [Project 1-571] Translating synthesized netlist
INFO: [Netlist 29-17] Analyzing 7 Unisim elements for replacement
INFO: [Netlist 29-28] Unisim Transformation completed in 0 CPU seconds
INFO: [Project 1-570] Preparing netlist for logic optimization
INFO: [Opt 31-138] Pushed 0 inverter(s) to 0 load pin(s).
INFO: [Project 1-111] Unisim Transformation Summary:
  A total of 4 instances were transformed.
  LD => LDCE: 4 instances

INFO: [Common 17-83] Releasing license: Synthesis
31 Infos, 7 Warnings, 1 Critical Warnings and 0 Errors encountered.
synth_design completed successfully
synth_design: Time (s): cpu = 00:00:18 ; elapsed = 00:00:36 . Memory (MB): peak = 1657.875 ; gain = 479.430 ; free physical = 10875 ; free virtual = 43617
WARNING: [Constraints 18-5210] No constraint will be written out.
INFO: [Common 17-1381] The checkpoint '/home/dexter/scripts/ECE4525/Lab5/Lab5.runs/synth_1/SRAM_Bus_Controller.dcp' has been generated.
INFO: [runtcl-4] Executing : report_utilization -file SRAM_Bus_Controller_utilization_synth.rpt -pb SRAM_Bus_Controller_utilization_synth.pb
report_utilization: Time (s): cpu = 00:00:00.15 ; elapsed = 00:00:00.17 . Memory (MB): peak = 1681.887 ; gain = 0.000 ; free physical = 10876 ; free virtual = 43618
INFO: [Common 17-206] Exiting Vivado at Sun Oct 14 17:56:46 2018...
