Copyright 1986-2018 Xilinx, Inc. All Rights Reserved.
-----------------------------------------------------------------------------------------------------------------------------------------------------------------------------------------------------------------------------
| Tool Version : Vivado v.2018.2.1 (lin64) Build 2288692 Thu Jul 26 18:23:50 MDT 2018
| Date         : Thu Sep 13 15:12:41 2018
| Host         : linux running 64-bit Ubuntu 16.04.4 LTS
| Command      : report_methodology -file Four_Bit_Magnitude_Comparator_methodology_drc_routed.rpt -pb Four_Bit_Magnitude_Comparator_methodology_drc_routed.pb -rpx Four_Bit_Magnitude_Comparator_methodology_drc_routed.rpx
| Design       : Four_Bit_Magnitude_Comparator
| Device       : xc7a100tcsg324-1
| Speed File   : -1
| Design State : Routed
-----------------------------------------------------------------------------------------------------------------------------------------------------------------------------------------------------------------------------

Report Methodology

Table of Contents
-----------------
1. REPORT SUMMARY
2. REPORT DETAILS

1. REPORT SUMMARY
-----------------
            Netlist: netlist
          Floorplan: design_1
      Design limits: <entire design considered>
             Max violations: <unlimited>
             Violations found: 0
+------+----------+-------------+------------+
| Rule | Severity | Description | Violations |
+------+----------+-------------+------------+
+------+----------+-------------+------------+

2. REPORT DETAILS
-----------------

