# do {Eight_Bit_Magnitude_Comparator_compile.do}
# ** Warning: (vlib-34) Library already exists at "modelsim_lib/work".
# 
# ** Warning: (vlib-34) Library already exists at "modelsim_lib/msim".
# 
# ** Warning: (vlib-34) Library already exists at "modelsim_lib/msim/xil_defaultlib".
# 
# Model Technology ModelSim PE vmap 10.4a Lib Mapping Utility 2015.03 Apr  7 2015
# vmap xil_defaultlib modelsim_lib/msim/xil_defaultlib 
# Modifying modelsim.ini
# ** Warning: (vcom-159) Mode option -64 is not supported in this context and will be ignored.
# 
# Model Technology ModelSim PE Student Edition vcom 10.4a Compiler 2015.03 Apr  7 2015
# Start time: 19:31:48 on Sep 26,2018
# vcom -64 -93 -work xil_defaultlib ../../../../Lab4.srcs/sources_1/new/Four_Bit_Adder.vhd ../../../../Lab4.srcs/sources_1/new/Four_Bit_Magnitude_Comparator.vhd ../../../../Lab4.srcs/sources_1/new/One_Bit_Adder.vhd ../../../../Lab4.srcs/sources_1/new/One_Bit_Magnitude_Comparator.vhd ../../../../Lab4.srcs/sources_1/new/Six_Way_And.vhd ../../../../Lab4.srcs/sources_1/new/Twos_Complementor.vhd ../../../../Lab4.srcs/sources_1/new/Eight_Bit_Magnitude_Comparator.vhd 
# -- Loading package STANDARD
# -- Loading package TEXTIO
# -- Loading package std_logic_1164
# -- Compiling entity Four_Bit_Adder
# -- Compiling architecture Behavioral of Four_Bit_Adder
# -- Compiling entity Four_Bit_Magnitude_Comparator
# -- Compiling architecture Behavioral of Four_Bit_Magnitude_Comparator
# -- Compiling entity One_Bit_Adder
# -- Compiling architecture Behavioral of One_Bit_Adder
# -- Compiling entity One_Bit_Magnitude_Comparator
# -- Compiling architecture Behavioral of One_Bit_Magnitude_Comparator
# -- Compiling entity Six_Way_And
# -- Compiling architecture Behavioral of Six_Way_And
# -- Compiling entity Twos_Complementor
# -- Compiling architecture Behavioral of Twos_Complementor
# -- Compiling entity Eight_Bit_Magnitude_Comparator
# -- Compiling architecture Behavioral of Eight_Bit_Magnitude_Comparator
# End time: 19:31:48 on Sep 26,2018, Elapsed time: 0:00:00
# Errors: 0, Warnings: 1
