# do {Task_Two_Part_One_compile.do}
# ** Warning: (vlib-34) Library already exists at "modelsim_lib/work".
# 
# ** Warning: (vlib-34) Library already exists at "modelsim_lib/msim".
# 
# ** Warning: (vlib-34) Library already exists at "modelsim_lib/msim/xil_defaultlib".
# 
# Model Technology ModelSim PE vmap 10.4a Lib Mapping Utility 2015.03 Apr  7 2015
# vmap xil_defaultlib modelsim_lib/msim/xil_defaultlib 
# Modifying modelsim.ini
# ** Warning: (vcom-159) Mode option -64 is not supported in this context and will be ignored.
# 
# Model Technology ModelSim PE Student Edition vcom 10.4a Compiler 2015.03 Apr  7 2015
# Start time: 20:21:19 on Sep 19,2018
# vcom -64 -93 -work xil_defaultlib ../../../../Lab3.srcs/sources_1/new/Task_Two_Part_One.vhd 
# -- Loading package STANDARD
# -- Loading package TEXTIO
# -- Loading package std_logic_1164
# -- Compiling entity Task_Two_Part_One
# -- Compiling architecture Behavioral of Task_Two_Part_One
# End time: 20:21:19 on Sep 19,2018, Elapsed time: 0:00:00
# Errors: 0, Warnings: 1
