
*** Running vivado
    with args -log State_Machine.vdi -applog -m64 -product Vivado -messageDb vivado.pb -mode batch -source State_Machine.tcl -notrace


****** Vivado v2018.2 (64-bit)
  **** SW Build 2258646 on Thu Jun 14 20:02:38 MDT 2018
  **** IP Build 2256618 on Thu Jun 14 22:10:49 MDT 2018
    ** Copyright 1986-2018 Xilinx, Inc. All Rights Reserved.

source State_Machine.tcl -notrace
Command: link_design -top State_Machine -part xc7a100tcsg324-1
Design is defaulting to srcset: sources_1
Design is defaulting to constrset: constrs_1
INFO: [Netlist 29-17] Analyzing 4 Unisim elements for replacement
INFO: [Netlist 29-28] Unisim Transformation completed in 0 CPU seconds
INFO: [Project 1-479] Netlist was created with Vivado 2018.2
INFO: [Device 21-403] Loading part xc7a100tcsg324-1
INFO: [Project 1-570] Preparing netlist for logic optimization
Parsing XDC File [/home/dexter/scripts/ECE4525/HW5/HW5.srcs/constrs_1/new/pins_HW5.xdc]
Finished Parsing XDC File [/home/dexter/scripts/ECE4525/HW5/HW5.srcs/constrs_1/new/pins_HW5.xdc]
INFO: [Opt 31-138] Pushed 0 inverter(s) to 0 load pin(s).
INFO: [Project 1-111] Unisim Transformation Summary:
No Unisim elements were transformed.

7 Infos, 0 Warnings, 0 Critical Warnings and 0 Errors encountered.
link_design completed successfully
link_design: Time (s): cpu = 00:00:06 ; elapsed = 00:00:20 . Memory (MB): peak = 1439.676 ; gain = 261.227 ; free physical = 11888 ; free virtual = 35450
Command: opt_design
Attempting to get a license for feature 'Implementation' and/or device 'xc7a100t'
INFO: [Common 17-349] Got license for feature 'Implementation' and/or device 'xc7a100t'
Running DRC as a precondition to command opt_design

Starting DRC Task
INFO: [DRC 23-27] Running DRC with 8 threads
INFO: [Project 1-461] DRC finished with 0 Errors
INFO: [Project 1-462] Please refer to the DRC report (report_drc) for more information.

Time (s): cpu = 00:00:01 ; elapsed = 00:00:02 . Memory (MB): peak = 1528.707 ; gain = 89.031 ; free physical = 11851 ; free virtual = 35412

Starting Cache Timing Information Task
INFO: [Timing 38-35] Done setting XDC timing constraints.
Ending Cache Timing Information Task | Checksum: 1bed9eafa

Time (s): cpu = 00:00:09 ; elapsed = 00:00:26 . Memory (MB): peak = 1954.207 ; gain = 425.500 ; free physical = 11502 ; free virtual = 35064

Starting Logic Optimization Task

Phase 1 Retarget
INFO: [Opt 31-138] Pushed 0 inverter(s) to 0 load pin(s).
INFO: [Opt 31-49] Retargeted 0 cell(s).
Phase 1 Retarget | Checksum: 1bed9eafa

Time (s): cpu = 00:00:00.02 ; elapsed = 00:00:00.03 . Memory (MB): peak = 1954.207 ; gain = 0.000 ; free physical = 11503 ; free virtual = 35064
INFO: [Opt 31-389] Phase Retarget created 0 cells and removed 0 cells

Phase 2 Constant propagation
INFO: [Opt 31-138] Pushed 0 inverter(s) to 0 load pin(s).
Phase 2 Constant propagation | Checksum: 1bed9eafa

Time (s): cpu = 00:00:00.02 ; elapsed = 00:00:00.03 . Memory (MB): peak = 1954.207 ; gain = 0.000 ; free physical = 11503 ; free virtual = 35064
INFO: [Opt 31-389] Phase Constant propagation created 0 cells and removed 0 cells

Phase 3 Sweep
Phase 3 Sweep | Checksum: 1bed9eafa

Time (s): cpu = 00:00:00.03 ; elapsed = 00:00:00.03 . Memory (MB): peak = 1954.207 ; gain = 0.000 ; free physical = 11503 ; free virtual = 35064
INFO: [Opt 31-389] Phase Sweep created 0 cells and removed 0 cells

Phase 4 BUFG optimization
Phase 4 BUFG optimization | Checksum: 1bed9eafa

Time (s): cpu = 00:00:00.03 ; elapsed = 00:00:00.03 . Memory (MB): peak = 1954.207 ; gain = 0.000 ; free physical = 11503 ; free virtual = 35064
INFO: [Opt 31-662] Phase BUFG optimization created 0 cells of which 0 are BUFGs and removed 0 cells.

Phase 5 Shift Register Optimization
Phase 5 Shift Register Optimization | Checksum: 1bed9eafa

Time (s): cpu = 00:00:00.03 ; elapsed = 00:00:00.03 . Memory (MB): peak = 1954.207 ; gain = 0.000 ; free physical = 11503 ; free virtual = 35064
INFO: [Opt 31-389] Phase Shift Register Optimization created 0 cells and removed 0 cells

Phase 6 Post Processing Netlist
Phase 6 Post Processing Netlist | Checksum: 1bed9eafa

Time (s): cpu = 00:00:00.03 ; elapsed = 00:00:00.04 . Memory (MB): peak = 1954.207 ; gain = 0.000 ; free physical = 11503 ; free virtual = 35064
INFO: [Opt 31-389] Phase Post Processing Netlist created 0 cells and removed 0 cells

Starting Connectivity Check Task

Time (s): cpu = 00:00:00 ; elapsed = 00:00:00 . Memory (MB): peak = 1954.207 ; gain = 0.000 ; free physical = 11503 ; free virtual = 35064
Ending Logic Optimization Task | Checksum: 1bed9eafa

Time (s): cpu = 00:00:00.03 ; elapsed = 00:00:00.04 . Memory (MB): peak = 1954.207 ; gain = 0.000 ; free physical = 11503 ; free virtual = 35064

Starting Power Optimization Task
INFO: [Pwropt 34-132] Skipping clock gating for clocks with a period < 2.00 ns.
Ending Power Optimization Task | Checksum: 1bed9eafa

Time (s): cpu = 00:00:00.02 ; elapsed = 00:00:00.04 . Memory (MB): peak = 1954.207 ; gain = 0.000 ; free physical = 11503 ; free virtual = 35064

Starting Final Cleanup Task
Ending Final Cleanup Task | Checksum: 1bed9eafa

Time (s): cpu = 00:00:00 ; elapsed = 00:00:00 . Memory (MB): peak = 1954.207 ; gain = 0.000 ; free physical = 11503 ; free virtual = 35064
INFO: [Common 17-83] Releasing license: Implementation
23 Infos, 0 Warnings, 0 Critical Warnings and 0 Errors encountered.
opt_design completed successfully
opt_design: Time (s): cpu = 00:00:11 ; elapsed = 00:00:28 . Memory (MB): peak = 1954.207 ; gain = 514.531 ; free physical = 11503 ; free virtual = 35064
INFO: [Timing 38-480] Writing timing data to binary archive.
Writing placer database...
Writing XDEF routing.
Writing XDEF routing logical nets.
Writing XDEF routing special nets.
Write XDEF Complete: Time (s): cpu = 00:00:00.03 ; elapsed = 00:00:00.02 . Memory (MB): peak = 1986.223 ; gain = 0.000 ; free physical = 11500 ; free virtual = 35063
INFO: [Common 17-1381] The checkpoint '/home/dexter/scripts/ECE4525/HW5/HW5.runs/impl_1/State_Machine_opt.dcp' has been generated.
INFO: [runtcl-4] Executing : report_drc -file State_Machine_drc_opted.rpt -pb State_Machine_drc_opted.pb -rpx State_Machine_drc_opted.rpx
Command: report_drc -file State_Machine_drc_opted.rpt -pb State_Machine_drc_opted.pb -rpx State_Machine_drc_opted.rpx
INFO: [IP_Flow 19-234] Refreshing IP repositories
INFO: [IP_Flow 19-1704] No user IP repositories specified
INFO: [IP_Flow 19-2313] Loaded Vivado IP repository '/archive/Xilinx/Vivado/2018.2/data/ip'.
INFO: [DRC 23-27] Running DRC with 8 threads
INFO: [Coretcl 2-168] The results of DRC are in file /home/dexter/scripts/ECE4525/HW5/HW5.runs/impl_1/State_Machine_drc_opted.rpt.
report_drc completed successfully
Command: place_design
Attempting to get a license for feature 'Implementation' and/or device 'xc7a100t'
INFO: [Common 17-349] Got license for feature 'Implementation' and/or device 'xc7a100t'
INFO: [DRC 23-27] Running DRC with 8 threads
INFO: [Vivado_Tcl 4-198] DRC finished with 0 Errors
INFO: [Vivado_Tcl 4-199] Please refer to the DRC report (report_drc) for more information.
Running DRC as a precondition to command place_design
INFO: [DRC 23-27] Running DRC with 8 threads
INFO: [Vivado_Tcl 4-198] DRC finished with 0 Errors
INFO: [Vivado_Tcl 4-199] Please refer to the DRC report (report_drc) for more information.

Starting Placer Task
INFO: [Place 30-611] Multithreading enabled for place_design using a maximum of 8 CPUs

Phase 1 Placer Initialization

Phase 1.1 Placer Initialization Netlist Sorting
Netlist sorting complete. Time (s): cpu = 00:00:00 ; elapsed = 00:00:00 . Memory (MB): peak = 2058.258 ; gain = 0.000 ; free physical = 11464 ; free virtual = 35026
Phase 1.1 Placer Initialization Netlist Sorting | Checksum: e8d70336

Time (s): cpu = 00:00:00.01 ; elapsed = 00:00:00.01 . Memory (MB): peak = 2058.258 ; gain = 0.000 ; free physical = 11464 ; free virtual = 35026
Netlist sorting complete. Time (s): cpu = 00:00:00 ; elapsed = 00:00:00 . Memory (MB): peak = 2058.258 ; gain = 0.000 ; free physical = 11464 ; free virtual = 35026

Phase 1.2 IO Placement/ Clock Placement/ Build Placer Device
INFO: [Timing 38-35] Done setting XDC timing constraints.
Phase 1.2 IO Placement/ Clock Placement/ Build Placer Device | Checksum: 1416d3199

Time (s): cpu = 00:00:01 ; elapsed = 00:00:00.60 . Memory (MB): peak = 2058.258 ; gain = 0.000 ; free physical = 11462 ; free virtual = 35024

Phase 1.3 Build Placer Netlist Model
Phase 1.3 Build Placer Netlist Model | Checksum: 1d0631dee

Time (s): cpu = 00:00:01 ; elapsed = 00:00:00.67 . Memory (MB): peak = 2097.898 ; gain = 39.641 ; free physical = 11461 ; free virtual = 35023

Phase 1.4 Constrain Clocks/Macros
Phase 1.4 Constrain Clocks/Macros | Checksum: 1d0631dee

Time (s): cpu = 00:00:01 ; elapsed = 00:00:00.67 . Memory (MB): peak = 2097.898 ; gain = 39.641 ; free physical = 11461 ; free virtual = 35023
Phase 1 Placer Initialization | Checksum: 1d0631dee

Time (s): cpu = 00:00:01 ; elapsed = 00:00:00.68 . Memory (MB): peak = 2097.898 ; gain = 39.641 ; free physical = 11461 ; free virtual = 35023

Phase 2 Global Placement

Phase 2.1 Floorplanning
Phase 2.1 Floorplanning | Checksum: 16ee02a9e

Time (s): cpu = 00:00:01 ; elapsed = 00:00:00.74 . Memory (MB): peak = 2177.938 ; gain = 119.680 ; free physical = 11454 ; free virtual = 35016

Phase 2.2 Physical Synthesis In Placer
INFO: [Physopt 32-65] No nets found for high-fanout optimization.
INFO: [Physopt 32-232] Optimized 0 net. Created 0 new instance.
INFO: [Physopt 32-775] End 1 Pass. Optimized 0 net or cell. Created 0 new cell, deleted 0 existing cell and moved 0 existing cell
Netlist sorting complete. Time (s): cpu = 00:00:00 ; elapsed = 00:00:00 . Memory (MB): peak = 2177.938 ; gain = 0.000 ; free physical = 11443 ; free virtual = 35005

Summary of Physical Synthesis Optimizations
============================================


-----------------------------------------------------------------------------------------------------------------------------
|  Optimization       |  Added Cells  |  Removed Cells  |  Optimized Cells/Nets  |  Dont Touch  |  Iterations  |  Elapsed   |
-----------------------------------------------------------------------------------------------------------------------------
|  Very High Fanout   |            0  |              0  |                     0  |           0  |           1  |  00:00:00  |
|  Total              |            0  |              0  |                     0  |           0  |           1  |  00:00:00  |
-----------------------------------------------------------------------------------------------------------------------------


Phase 2.2 Physical Synthesis In Placer | Checksum: 1cce57a21

Time (s): cpu = 00:00:02 ; elapsed = 00:00:00.93 . Memory (MB): peak = 2177.938 ; gain = 119.680 ; free physical = 11443 ; free virtual = 35005
Phase 2 Global Placement | Checksum: 223b84628

Time (s): cpu = 00:00:02 ; elapsed = 00:00:00.95 . Memory (MB): peak = 2177.938 ; gain = 119.680 ; free physical = 11442 ; free virtual = 35005

Phase 3 Detail Placement

Phase 3.1 Commit Multi Column Macros
Phase 3.1 Commit Multi Column Macros | Checksum: 223b84628

Time (s): cpu = 00:00:02 ; elapsed = 00:00:00.96 . Memory (MB): peak = 2177.938 ; gain = 119.680 ; free physical = 11442 ; free virtual = 35005

Phase 3.2 Commit Most Macros & LUTRAMs
Phase 3.2 Commit Most Macros & LUTRAMs | Checksum: 1f8989328

Time (s): cpu = 00:00:02 ; elapsed = 00:00:00.98 . Memory (MB): peak = 2177.938 ; gain = 119.680 ; free physical = 11442 ; free virtual = 35005

Phase 3.3 Area Swap Optimization
Phase 3.3 Area Swap Optimization | Checksum: 23343dc70

Time (s): cpu = 00:00:02 ; elapsed = 00:00:00.99 . Memory (MB): peak = 2177.938 ; gain = 119.680 ; free physical = 11441 ; free virtual = 35004

Phase 3.4 Pipeline Register Optimization
Phase 3.4 Pipeline Register Optimization | Checksum: 23343dc70

Time (s): cpu = 00:00:02 ; elapsed = 00:00:00.99 . Memory (MB): peak = 2177.938 ; gain = 119.680 ; free physical = 11441 ; free virtual = 35004

Phase 3.5 Small Shape Detail Placement
Phase 3.5 Small Shape Detail Placement | Checksum: 24b82fc28

Time (s): cpu = 00:00:02 ; elapsed = 00:00:01 . Memory (MB): peak = 2177.938 ; gain = 119.680 ; free physical = 11438 ; free virtual = 35001

Phase 3.6 Re-assign LUT pins
Phase 3.6 Re-assign LUT pins | Checksum: 24b82fc28

Time (s): cpu = 00:00:02 ; elapsed = 00:00:01 . Memory (MB): peak = 2177.938 ; gain = 119.680 ; free physical = 11438 ; free virtual = 35001

Phase 3.7 Pipeline Register Optimization
Phase 3.7 Pipeline Register Optimization | Checksum: 24b82fc28

Time (s): cpu = 00:00:02 ; elapsed = 00:00:01 . Memory (MB): peak = 2177.938 ; gain = 119.680 ; free physical = 11438 ; free virtual = 35001
Phase 3 Detail Placement | Checksum: 24b82fc28

Time (s): cpu = 00:00:02 ; elapsed = 00:00:01 . Memory (MB): peak = 2177.938 ; gain = 119.680 ; free physical = 11438 ; free virtual = 35001

Phase 4 Post Placement Optimization and Clean-Up

Phase 4.1 Post Commit Optimization
INFO: [Timing 38-35] Done setting XDC timing constraints.

Phase 4.1.1 Post Placement Optimization
Post Placement Optimization Initialization | Checksum: 294eb5666

Phase 4.1.1.1 BUFG Insertion
INFO: [Place 46-31] BUFG insertion identified 0 candidate nets, 0 success, 0 skipped for placement/routing, 0 skipped for timing, 0 skipped for netlist change reason.
Phase 4.1.1.1 BUFG Insertion | Checksum: 294eb5666

Time (s): cpu = 00:00:02 ; elapsed = 00:00:01 . Memory (MB): peak = 2177.938 ; gain = 119.680 ; free physical = 11438 ; free virtual = 35001
INFO: [Place 30-746] Post Placement Timing Summary WNS=8.518. For the most accurate timing information please run report_timing.
Phase 4.1.1 Post Placement Optimization | Checksum: 1ce6bf8ca

Time (s): cpu = 00:00:02 ; elapsed = 00:00:01 . Memory (MB): peak = 2177.938 ; gain = 119.680 ; free physical = 11438 ; free virtual = 35001
Phase 4.1 Post Commit Optimization | Checksum: 1ce6bf8ca

Time (s): cpu = 00:00:02 ; elapsed = 00:00:01 . Memory (MB): peak = 2177.938 ; gain = 119.680 ; free physical = 11438 ; free virtual = 35001

Phase 4.2 Post Placement Cleanup
Phase 4.2 Post Placement Cleanup | Checksum: 1ce6bf8ca

Time (s): cpu = 00:00:02 ; elapsed = 00:00:01 . Memory (MB): peak = 2177.938 ; gain = 119.680 ; free physical = 11439 ; free virtual = 35002

Phase 4.3 Placer Reporting
Phase 4.3 Placer Reporting | Checksum: 1ce6bf8ca

Time (s): cpu = 00:00:02 ; elapsed = 00:00:01 . Memory (MB): peak = 2177.938 ; gain = 119.680 ; free physical = 11439 ; free virtual = 35002

Phase 4.4 Final Placement Cleanup
Phase 4.4 Final Placement Cleanup | Checksum: 1501c91e6

Time (s): cpu = 00:00:02 ; elapsed = 00:00:01 . Memory (MB): peak = 2177.938 ; gain = 119.680 ; free physical = 11439 ; free virtual = 35002
Phase 4 Post Placement Optimization and Clean-Up | Checksum: 1501c91e6

Time (s): cpu = 00:00:02 ; elapsed = 00:00:01 . Memory (MB): peak = 2177.938 ; gain = 119.680 ; free physical = 11439 ; free virtual = 35002
Ending Placer Task | Checksum: 123308806

Time (s): cpu = 00:00:02 ; elapsed = 00:00:01 . Memory (MB): peak = 2177.938 ; gain = 119.680 ; free physical = 11456 ; free virtual = 35019
INFO: [Common 17-83] Releasing license: Implementation
47 Infos, 0 Warnings, 0 Critical Warnings and 0 Errors encountered.
place_design completed successfully
INFO: [Timing 38-480] Writing timing data to binary archive.
Writing placer database...
Writing XDEF routing.
Writing XDEF routing logical nets.
Writing XDEF routing special nets.
Write XDEF Complete: Time (s): cpu = 00:00:00.02 ; elapsed = 00:00:00.01 . Memory (MB): peak = 2177.938 ; gain = 0.000 ; free physical = 11456 ; free virtual = 35020
INFO: [Common 17-1381] The checkpoint '/home/dexter/scripts/ECE4525/HW5/HW5.runs/impl_1/State_Machine_placed.dcp' has been generated.
INFO: [runtcl-4] Executing : report_io -file State_Machine_io_placed.rpt
report_io: Time (s): cpu = 00:00:00.12 ; elapsed = 00:00:00.17 . Memory (MB): peak = 2177.938 ; gain = 0.000 ; free physical = 11449 ; free virtual = 35012
INFO: [runtcl-4] Executing : report_utilization -file State_Machine_utilization_placed.rpt -pb State_Machine_utilization_placed.pb
report_utilization: Time (s): cpu = 00:00:00.13 ; elapsed = 00:00:00.18 . Memory (MB): peak = 2177.938 ; gain = 0.000 ; free physical = 11455 ; free virtual = 35019
INFO: [runtcl-4] Executing : report_control_sets -verbose -file State_Machine_control_sets_placed.rpt
report_control_sets: Time (s): cpu = 00:00:00.10 ; elapsed = 00:00:00.15 . Memory (MB): peak = 2177.938 ; gain = 0.000 ; free physical = 11455 ; free virtual = 35019
Command: route_design
Attempting to get a license for feature 'Implementation' and/or device 'xc7a100t'
INFO: [Common 17-349] Got license for feature 'Implementation' and/or device 'xc7a100t'
Running DRC as a precondition to command route_design
INFO: [DRC 23-27] Running DRC with 8 threads
INFO: [Vivado_Tcl 4-198] DRC finished with 0 Errors
INFO: [Vivado_Tcl 4-199] Please refer to the DRC report (report_drc) for more information.


Starting Routing Task
INFO: [Route 35-254] Multithreading enabled for route_design using a maximum of 8 CPUs
Checksum: PlaceDB: eaddd10c ConstDB: 0 ShapeSum: 3852b6fa RouteDB: 0

Phase 1 Build RT Design
Phase 1 Build RT Design | Checksum: ac6dbd70

Time (s): cpu = 00:00:23 ; elapsed = 00:00:19 . Memory (MB): peak = 2228.570 ; gain = 50.633 ; free physical = 11314 ; free virtual = 34878
Post Restoration Checksum: NetGraph: 48b5350e NumContArr: 63b88862 Constraints: 0 Timing: 0

Phase 2 Router Initialization

Phase 2.1 Create Timer
Phase 2.1 Create Timer | Checksum: ac6dbd70

Time (s): cpu = 00:00:23 ; elapsed = 00:00:19 . Memory (MB): peak = 2228.570 ; gain = 50.633 ; free physical = 11314 ; free virtual = 34878

Phase 2.2 Fix Topology Constraints
Phase 2.2 Fix Topology Constraints | Checksum: ac6dbd70

Time (s): cpu = 00:00:23 ; elapsed = 00:00:19 . Memory (MB): peak = 2234.559 ; gain = 56.621 ; free physical = 11283 ; free virtual = 34847

Phase 2.3 Pre Route Cleanup
Phase 2.3 Pre Route Cleanup | Checksum: ac6dbd70

Time (s): cpu = 00:00:23 ; elapsed = 00:00:19 . Memory (MB): peak = 2234.559 ; gain = 56.621 ; free physical = 11283 ; free virtual = 34847
 Number of Nodes with overlaps = 0

Phase 2.4 Update Timing
Phase 2.4 Update Timing | Checksum: 1ea18f118

Time (s): cpu = 00:00:24 ; elapsed = 00:00:19 . Memory (MB): peak = 2244.824 ; gain = 66.887 ; free physical = 11275 ; free virtual = 34839
INFO: [Route 35-416] Intermediate Timing Summary | WNS=8.460  | TNS=0.000  | WHS=-0.051 | THS=-0.150 |

Phase 2 Router Initialization | Checksum: 1e15084a3

Time (s): cpu = 00:00:24 ; elapsed = 00:00:19 . Memory (MB): peak = 2244.824 ; gain = 66.887 ; free physical = 11274 ; free virtual = 34839

Phase 3 Initial Routing
Phase 3 Initial Routing | Checksum: 134432be1

Time (s): cpu = 00:00:24 ; elapsed = 00:00:20 . Memory (MB): peak = 2244.824 ; gain = 66.887 ; free physical = 11275 ; free virtual = 34840

Phase 4 Rip-up And Reroute

Phase 4.1 Global Iteration 0
 Number of Nodes with overlaps = 0
INFO: [Route 35-416] Intermediate Timing Summary | WNS=8.347  | TNS=0.000  | WHS=N/A    | THS=N/A    |

Phase 4.1 Global Iteration 0 | Checksum: 179f128ee

Time (s): cpu = 00:00:24 ; elapsed = 00:00:20 . Memory (MB): peak = 2244.824 ; gain = 66.887 ; free physical = 11275 ; free virtual = 34840
Phase 4 Rip-up And Reroute | Checksum: 179f128ee

Time (s): cpu = 00:00:24 ; elapsed = 00:00:20 . Memory (MB): peak = 2244.824 ; gain = 66.887 ; free physical = 11275 ; free virtual = 34840

Phase 5 Delay and Skew Optimization

Phase 5.1 Delay CleanUp
Phase 5.1 Delay CleanUp | Checksum: 179f128ee

Time (s): cpu = 00:00:24 ; elapsed = 00:00:20 . Memory (MB): peak = 2244.824 ; gain = 66.887 ; free physical = 11275 ; free virtual = 34840

Phase 5.2 Clock Skew Optimization
Phase 5.2 Clock Skew Optimization | Checksum: 179f128ee

Time (s): cpu = 00:00:24 ; elapsed = 00:00:20 . Memory (MB): peak = 2244.824 ; gain = 66.887 ; free physical = 11275 ; free virtual = 34840
Phase 5 Delay and Skew Optimization | Checksum: 179f128ee

Time (s): cpu = 00:00:24 ; elapsed = 00:00:20 . Memory (MB): peak = 2244.824 ; gain = 66.887 ; free physical = 11275 ; free virtual = 34840

Phase 6 Post Hold Fix

Phase 6.1 Hold Fix Iter

Phase 6.1.1 Update Timing
Phase 6.1.1 Update Timing | Checksum: 199f99e33

Time (s): cpu = 00:00:24 ; elapsed = 00:00:20 . Memory (MB): peak = 2244.824 ; gain = 66.887 ; free physical = 11275 ; free virtual = 34840
INFO: [Route 35-416] Intermediate Timing Summary | WNS=8.442  | TNS=0.000  | WHS=0.306  | THS=0.000  |

Phase 6.1 Hold Fix Iter | Checksum: 199f99e33

Time (s): cpu = 00:00:24 ; elapsed = 00:00:20 . Memory (MB): peak = 2244.824 ; gain = 66.887 ; free physical = 11275 ; free virtual = 34840
Phase 6 Post Hold Fix | Checksum: 199f99e33

Time (s): cpu = 00:00:24 ; elapsed = 00:00:20 . Memory (MB): peak = 2244.824 ; gain = 66.887 ; free physical = 11275 ; free virtual = 34840

Phase 7 Route finalize

Router Utilization Summary
  Global Vertical Routing Utilization    = 0.0047874 %
  Global Horizontal Routing Utilization  = 0.00142086 %
  Routable Net Status*
  *Does not include unroutable nets such as driverless and loadless.
  Run report_route_status for detailed report.
  Number of Failed Nets               = 0
  Number of Unrouted Nets             = 0
  Number of Partially Routed Nets     = 0
  Number of Node Overlaps             = 0

Phase 7 Route finalize | Checksum: 199f99e33

Time (s): cpu = 00:00:24 ; elapsed = 00:00:20 . Memory (MB): peak = 2244.824 ; gain = 66.887 ; free physical = 11275 ; free virtual = 34840

Phase 8 Verifying routed nets

 Verification completed successfully
Phase 8 Verifying routed nets | Checksum: 199f99e33

Time (s): cpu = 00:00:24 ; elapsed = 00:00:20 . Memory (MB): peak = 2244.824 ; gain = 66.887 ; free physical = 11274 ; free virtual = 34838

Phase 9 Depositing Routes
Phase 9 Depositing Routes | Checksum: 159197a01

Time (s): cpu = 00:00:24 ; elapsed = 00:00:20 . Memory (MB): peak = 2244.824 ; gain = 66.887 ; free physical = 11274 ; free virtual = 34838

Phase 10 Post Router Timing
INFO: [Route 35-57] Estimated Timing Summary | WNS=8.442  | TNS=0.000  | WHS=0.306  | THS=0.000  |

INFO: [Route 35-327] The final timing numbers are based on the router estimated timing analysis. For a complete and accurate timing signoff, please run report_timing_summary.
Phase 10 Post Router Timing | Checksum: 159197a01

Time (s): cpu = 00:00:24 ; elapsed = 00:00:20 . Memory (MB): peak = 2244.824 ; gain = 66.887 ; free physical = 11274 ; free virtual = 34838
INFO: [Route 35-16] Router Completed Successfully

Time (s): cpu = 00:00:24 ; elapsed = 00:00:20 . Memory (MB): peak = 2244.824 ; gain = 66.887 ; free physical = 11309 ; free virtual = 34873

Routing Is Done.
INFO: [Common 17-83] Releasing license: Implementation
64 Infos, 0 Warnings, 0 Critical Warnings and 0 Errors encountered.
route_design completed successfully
route_design: Time (s): cpu = 00:00:26 ; elapsed = 00:00:22 . Memory (MB): peak = 2244.824 ; gain = 66.887 ; free physical = 11307 ; free virtual = 34872
INFO: [Timing 38-480] Writing timing data to binary archive.
Writing placer database...
Writing XDEF routing.
Writing XDEF routing logical nets.
Writing XDEF routing special nets.
Write XDEF Complete: Time (s): cpu = 00:00:00.02 ; elapsed = 00:00:00.01 . Memory (MB): peak = 2248.824 ; gain = 0.000 ; free physical = 11309 ; free virtual = 34875
INFO: [Common 17-1381] The checkpoint '/home/dexter/scripts/ECE4525/HW5/HW5.runs/impl_1/State_Machine_routed.dcp' has been generated.
INFO: [runtcl-4] Executing : report_drc -file State_Machine_drc_routed.rpt -pb State_Machine_drc_routed.pb -rpx State_Machine_drc_routed.rpx
Command: report_drc -file State_Machine_drc_routed.rpt -pb State_Machine_drc_routed.pb -rpx State_Machine_drc_routed.rpx
INFO: [DRC 23-27] Running DRC with 8 threads
INFO: [Coretcl 2-168] The results of DRC are in file /home/dexter/scripts/ECE4525/HW5/HW5.runs/impl_1/State_Machine_drc_routed.rpt.
report_drc completed successfully
INFO: [runtcl-4] Executing : report_methodology -file State_Machine_methodology_drc_routed.rpt -pb State_Machine_methodology_drc_routed.pb -rpx State_Machine_methodology_drc_routed.rpx
Command: report_methodology -file State_Machine_methodology_drc_routed.rpt -pb State_Machine_methodology_drc_routed.pb -rpx State_Machine_methodology_drc_routed.rpx
INFO: [Timing 38-35] Done setting XDC timing constraints.
INFO: [Timing 38-35] Done setting XDC timing constraints.
INFO: [DRC 23-133] Running Methodology with 8 threads
INFO: [Coretcl 2-1520] The results of Report Methodology are in file /home/dexter/scripts/ECE4525/HW5/HW5.runs/impl_1/State_Machine_methodology_drc_routed.rpt.
report_methodology completed successfully
INFO: [runtcl-4] Executing : report_power -file State_Machine_power_routed.rpt -pb State_Machine_power_summary_routed.pb -rpx State_Machine_power_routed.rpx
Command: report_power -file State_Machine_power_routed.rpt -pb State_Machine_power_summary_routed.pb -rpx State_Machine_power_routed.rpx
INFO: [Timing 38-35] Done setting XDC timing constraints.
Running Vector-less Activity Propagation...

Finished Running Vector-less Activity Propagation
76 Infos, 0 Warnings, 0 Critical Warnings and 0 Errors encountered.
report_power completed successfully
INFO: [runtcl-4] Executing : report_route_status -file State_Machine_route_status.rpt -pb State_Machine_route_status.pb
INFO: [runtcl-4] Executing : report_timing_summary -max_paths 10 -file State_Machine_timing_summary_routed.rpt -pb State_Machine_timing_summary_routed.pb -rpx State_Machine_timing_summary_routed.rpx -warn_on_violation 
INFO: [Timing 38-91] UpdateTimingParams: Speed grade: -1, Delay Type: min_max, Timing Stage: Requireds.
INFO: [Timing 38-191] Multithreading enabled for timing update using a maximum of 8 CPUs
INFO: [runtcl-4] Executing : report_incremental_reuse -file State_Machine_incremental_reuse_routed.rpt
INFO: [Vivado_Tcl 4-545] No incremental reuse to report, no incremental placement and routing data was found.
INFO: [runtcl-4] Executing : report_clock_utilization -file State_Machine_clock_utilization_routed.rpt
INFO: [runtcl-4] Executing : report_bus_skew -warn_on_violation -file State_Machine_bus_skew_routed.rpt -pb State_Machine_bus_skew_routed.pb -rpx State_Machine_bus_skew_routed.rpx
INFO: [Timing 38-91] UpdateTimingParams: Speed grade: -1, Delay Type: min_max, Timing Stage: Requireds.
INFO: [Timing 38-191] Multithreading enabled for timing update using a maximum of 8 CPUs
INFO: [Common 17-206] Exiting Vivado at Tue Oct  9 22:12:04 2018...

*** Running vivado
    with args -log State_Machine.vdi -applog -m64 -product Vivado -messageDb vivado.pb -mode batch -source State_Machine.tcl -notrace


****** Vivado v2018.2 (64-bit)
  **** SW Build 2258646 on Thu Jun 14 20:02:38 MDT 2018
  **** IP Build 2256618 on Thu Jun 14 22:10:49 MDT 2018
    ** Copyright 1986-2018 Xilinx, Inc. All Rights Reserved.

source State_Machine.tcl -notrace
Command: open_checkpoint State_Machine_routed.dcp

Starting open_checkpoint Task

Time (s): cpu = 00:00:00.05 ; elapsed = 00:00:00.10 . Memory (MB): peak = 1179.918 ; gain = 0.000 ; free physical = 12183 ; free virtual = 35749
INFO: [Netlist 29-17] Analyzing 4 Unisim elements for replacement
INFO: [Netlist 29-28] Unisim Transformation completed in 0 CPU seconds
INFO: [Project 1-479] Netlist was created with Vivado 2018.2
INFO: [Device 21-403] Loading part xc7a100tcsg324-1
INFO: [Project 1-570] Preparing netlist for logic optimization
INFO: [Timing 38-478] Restoring timing data from binary archive.
INFO: [Timing 38-479] Binary timing data restore complete.
INFO: [Project 1-856] Restoring constraints from binary archive.
INFO: [Project 1-853] Binary constraint restore complete.
Reading XDEF placement.
Reading placer database...
Reading XDEF routing.
Read XDEF File: Time (s): cpu = 00:00:00.09 ; elapsed = 00:00:00.16 . Memory (MB): peak = 1914.113 ; gain = 0.000 ; free physical = 11504 ; free virtual = 35070
Restored from archive | CPU: 0.170000 secs | Memory: 0.944756 MB |
Finished XDEF File Restore: Time (s): cpu = 00:00:00.09 ; elapsed = 00:00:00.16 . Memory (MB): peak = 1914.113 ; gain = 0.000 ; free physical = 11504 ; free virtual = 35070
INFO: [Project 1-111] Unisim Transformation Summary:
No Unisim elements were transformed.

INFO: [Project 1-604] Checkpoint was created with Vivado v2018.2 (64-bit) build 2258646
open_checkpoint: Time (s): cpu = 00:00:16 ; elapsed = 00:00:46 . Memory (MB): peak = 1914.113 ; gain = 734.195 ; free physical = 11504 ; free virtual = 35070
Command: write_bitstream -force State_Machine.bit
Attempting to get a license for feature 'Implementation' and/or device 'xc7a100t'
INFO: [Common 17-349] Got license for feature 'Implementation' and/or device 'xc7a100t'
Running DRC as a precondition to command write_bitstream
INFO: [IP_Flow 19-234] Refreshing IP repositories
INFO: [IP_Flow 19-1704] No user IP repositories specified
INFO: [IP_Flow 19-2313] Loaded Vivado IP repository '/archive/Xilinx/Vivado/2018.2/data/ip'.
INFO: [DRC 23-27] Running DRC with 8 threads
INFO: [Vivado 12-3199] DRC finished with 0 Errors, 1 Warnings
INFO: [Vivado 12-3200] Please refer to the DRC report (report_drc) for more information.
INFO: [Designutils 20-2272] Running write_bitstream with 8 threads.
Loading data files...
Loading site data...
Loading route data...
Processing options...
Creating bitmap...
Creating bitstream...
Writing bitstream ./State_Machine.bit...
INFO: [Vivado 12-1842] Bitgen Completed Successfully.
INFO: [Project 1-120] WebTalk data collection is mandatory when using a WebPACK part without a full Vivado license. To see the specific WebTalk data collected for your design, open the usage_statistics_webtalk.html or usage_statistics_webtalk.xml file in the implementation directory.
INFO: [Common 17-186] '/home/dexter/scripts/ECE4525/HW5/HW5.runs/impl_1/usage_statistics_webtalk.xml' has been successfully sent to Xilinx on Tue Oct  9 22:13:26 2018. For additional details about this file, please refer to the WebTalk help file at /archive/Xilinx/Vivado/2018.2/doc/webtalk_introduction.html.
INFO: [Common 17-83] Releasing license: Implementation
23 Infos, 0 Warnings, 0 Critical Warnings and 0 Errors encountered.
write_bitstream completed successfully
write_bitstream: Time (s): cpu = 00:00:11 ; elapsed = 00:00:17 . Memory (MB): peak = 2380.461 ; gain = 466.348 ; free physical = 11437 ; free virtual = 35008
INFO: [Common 17-206] Exiting Vivado at Tue Oct  9 22:13:27 2018...
